
Showing logs for build [32mcb-kubecd-environment-pr-5284-1-1[0m stage [32mmeta-pipeline[0m and container [32mstep-credential-initializer-7kzlc[0m
{"level":"warn","ts":1568288118.5855696,"logger":"fallback-logger","caller":"logging/config.go:69","msg":"Fetch GitHub commit ID from kodata failed: \"ref: refs/heads/master\" is not a valid GitHub commit ID"}
{"level":"info","ts":1568288118.5862775,"logger":"fallback-logger","caller":"creds-init/main.go:40","msg":"Credentials initialized."}

Showing logs for build [32mcb-kubecd-environment-pr-5284-1-1[0m stage [32mmeta-pipeline[0m and container [32mstep-working-dir-initializer-25z8r[0m
{"level":"warn","ts":1568288119.602555,"logger":"fallback-logger","caller":"logging/config.go:69","msg":"Fetch GitHub commit ID from kodata failed: open /var/run/ko/HEAD: no such file or directory"}
{"level":"info","ts":1568288119.6040497,"logger":"fallback-logger","caller":"bash/main.go:65","msg":"Successfully executed command \"mkdir -p /workspace/source\""}

Showing logs for build [32mcb-kubecd-environment-pr-5284-1-1[0m stage [32mmeta-pipeline[0m and container [32mstep-place-tools[0m

Showing logs for build [32mcb-kubecd-environment-pr-5284-1-1[0m stage [32mmeta-pipeline[0m and container [32mstep-git-source-meta-cb-kubecd-environment-pr-5-gkdbb[0m
{"level":"warn","ts":1568288125.6619642,"logger":"fallback-logger","caller":"logging/config.go:69","msg":"Fetch GitHub commit ID from kodata failed: \"ref: refs/heads/master\" is not a valid GitHub commit ID"}
{"level":"info","ts":1568288126.7312872,"logger":"fallback-logger","caller":"git/git.go:102","msg":"Successfully cloned https://github.com/cb-kubecd/environment-pr-5284-129-tekton-gkebdd-staging.git @ 77d38dc18477df1db77f2d8ce01fc1d209af9e97 in path /workspace/source"}

Showing logs for build [32mcb-kubecd-environment-pr-5284-1-1[0m stage [32mmeta-pipeline[0m and container [32mstep-git-merge[0m
Using SHAs from PULL_REFS=master:77d38dc18477df1db77f2d8ce01fc1d209af9e97,1:3741576dfac09ebc7f61dcf5764acbec7162b0fc
DEBUG: ran git fetch --unshallow origin 3741576dfac09ebc7f61dcf5764acbec7162b0fc: 77d38dc18477df1db77f2d8ce01fc1d209af9e97: in 
DEBUG: ran git checkout master in 
DEBUG: ran git reset --hard 77d38dc18477df1db77f2d8ce01fc1d209af9e97 in 
DEBUG: ran clean --force -d . in 
DEBUG: ran git merge 3741576dfac09ebc7f61dcf5764acbec7162b0fc in 
Merged SHA 3741576dfac09ebc7f61dcf5764acbec7162b0fc with commit message 'chore: Promote bdd-spring-1568287906 to version 0.0.1' into base branch master

Showing logs for build [32mcb-kubecd-environment-pr-5284-1-1[0m stage [32mmeta-pipeline[0m and container [32mstep-merge-pull-refs[0m
DEBUG: ran git fetch origin 3741576dfac09ebc7f61dcf5764acbec7162b0fc: 77d38dc18477df1db77f2d8ce01fc1d209af9e97: in 
DEBUG: Unshallowed git repo in 
DEBUG: ran git checkout master in 
DEBUG: ran git reset --hard 77d38dc18477df1db77f2d8ce01fc1d209af9e97 in 
DEBUG: ran clean --force -d . in 
DEBUG: ran git merge 3741576dfac09ebc7f61dcf5764acbec7162b0fc in 
Merged SHA 3741576dfac09ebc7f61dcf5764acbec7162b0fc with commit message 'chore: Promote bdd-spring-1568287906 to version 0.0.1' into base branch master

Showing logs for build [32mcb-kubecd-environment-pr-5284-1-1[0m stage [32mmeta-pipeline[0m and container [32mstep-create-effective-pipeline[0m
Deleting and cloning the Jenkins X versions repo
Cloning the Jenkins X versions repo https://github.com/jenkins-x/jenkins-x-versions.git with ref refs/heads/master to /builder/home/.**/jenkins-x-versions
selected pack: /builder/home/.**/draft/packs/github.com/jenkins-x-buildpacks/jenkins-x-kubernetes/packs/environment
Effective pipeline written to jenkins-x-promotion-build-effective.yml

Showing logs for build [32mcb-kubecd-environment-pr-5284-1-1[0m stage [32mmeta-pipeline[0m and container [32mstep-create-tekton-crds[0m
PipelineActivity for cb-kubecd-environment-pr-5284-129-tekton-gkebdd-staging-PR-1-1
Applying changes 
upserted PipelineResource cb-kubecd-environment-pr-5284-1 for the git repository https://github.com/cb-kubecd/environment-pr-5284-129-tekton-gkebdd-staging.git
upserted Task cb-kubecd-environment-pr-5284-1-from-build-pack-1
upserted Pipeline cb-kubecd-environment-pr-5284-1-1
created PipelineRun cb-kubecd-environment-pr-5284-1-1
created PipelineStructure cb-kubecd-environment-pr-5284-1-1

Showing logs for build [32mcb-kubecd-environment-pr-5284-1-1[0m stage [32mfrom-build-pack[0m and container [32mstep-credential-initializer-gxrhn[0m
{"level":"warn","ts":1568288139.9402316,"logger":"fallback-logger","caller":"logging/config.go:69","msg":"Fetch GitHub commit ID from kodata failed: \"ref: refs/heads/master\" is not a valid GitHub commit ID"}
{"level":"info","ts":1568288139.9409316,"logger":"fallback-logger","caller":"creds-init/main.go:40","msg":"Credentials initialized."}

Showing logs for build [32mcb-kubecd-environment-pr-5284-1-1[0m stage [32mfrom-build-pack[0m and container [32mstep-working-dir-initializer-scjjj[0m
{"level":"warn","ts":1568288140.9020796,"logger":"fallback-logger","caller":"logging/config.go:69","msg":"Fetch GitHub commit ID from kodata failed: open /var/run/ko/HEAD: no such file or directory"}
{"level":"info","ts":1568288140.9040568,"logger":"fallback-logger","caller":"bash/main.go:65","msg":"Successfully executed command \"mkdir -p /workspace/source /workspace/source/env\""}

Showing logs for build [32mcb-kubecd-environment-pr-5284-1-1[0m stage [32mfrom-build-pack[0m and container [32mstep-place-tools[0m

Showing logs for build [32mcb-kubecd-environment-pr-5284-1-1[0m stage [32mfrom-build-pack[0m and container [32mstep-git-source-cb-kubecd-environment-pr-5284-1-ctmpq[0m
{"level":"warn","ts":1568288205.0453823,"logger":"fallback-logger","caller":"logging/config.go:69","msg":"Fetch GitHub commit ID from kodata failed: \"ref: refs/heads/master\" is not a valid GitHub commit ID"}
{"level":"info","ts":1568288206.1679604,"logger":"fallback-logger","caller":"git/git.go:102","msg":"Successfully cloned https://github.com/cb-kubecd/environment-pr-5284-129-tekton-gkebdd-staging.git @ master in path /workspace/source"}

Showing logs for build [32mcb-kubecd-environment-pr-5284-1-1[0m stage [32mfrom-build-pack[0m and container [32mstep-git-merge[0m
Using SHAs from PULL_REFS=master:77d38dc18477df1db77f2d8ce01fc1d209af9e97,1:3741576dfac09ebc7f61dcf5764acbec7162b0fc
DEBUG: ran git fetch origin 3741576dfac09ebc7f61dcf5764acbec7162b0fc: 77d38dc18477df1db77f2d8ce01fc1d209af9e97: in 
DEBUG: Unshallowed git repo in 
DEBUG: ran git checkout master in 
DEBUG: ran git reset --hard 77d38dc18477df1db77f2d8ce01fc1d209af9e97 in 
DEBUG: ran clean --force -d . in 
DEBUG: ran git merge 3741576dfac09ebc7f61dcf5764acbec7162b0fc in 
Merged SHA 3741576dfac09ebc7f61dcf5764acbec7162b0fc with commit message 'chore: Promote bdd-spring-1568287906 to version 0.0.1' into base branch master

Showing logs for build [32mcb-kubecd-environment-pr-5284-1-1[0m stage [32mfrom-build-pack[0m and container [32mstep-build-helm-build[0m
WARNING: No $CHART_REPOSITORY defined so using the default value of: http://jenkins-x-chartmuseum:8080
Adding missing Helm repo: storage.googleapis.com https://storage.googleapis.com/chartmuseum.jenkins-x.io
Successfully added Helm repository storage.googleapis.com.
Adding missing Helm repo: jenkins-x-chartmuseum http://jenkins-x-chartmuseum:8080
Successfully added Helm repository jenkins-x-chartmuseum.
WARNING: No $CHART_REPOSITORY defined so using the default value of: http://jenkins-x-chartmuseum:8080
Adding missing Helm repo: chartmuseum.jenkins-x.io http://chartmuseum.jenkins-x.io
Successfully added Helm repository chartmuseum.jenkins-x.io.
