
Showing logs for build [32mcb-kubecd-environment-pr-5284-1-n67kq-1[0m stage [32mmeta-pipeline[0m and container [32mstep-credential-initializer-jxxtb[0m
{"level":"warn","ts":1568288857.448235,"logger":"fallback-logger","caller":"logging/config.go:69","msg":"Fetch GitHub commit ID from kodata failed: \"ref: refs/heads/master\" is not a valid GitHub commit ID"}
{"level":"info","ts":1568288857.4488642,"logger":"fallback-logger","caller":"creds-init/main.go:40","msg":"Credentials initialized."}

Showing logs for build [32mcb-kubecd-environment-pr-5284-1-n67kq-1[0m stage [32mmeta-pipeline[0m and container [32mstep-working-dir-initializer-9htws[0m
{"level":"warn","ts":1568288858.4536052,"logger":"fallback-logger","caller":"logging/config.go:69","msg":"Fetch GitHub commit ID from kodata failed: open /var/run/ko/HEAD: no such file or directory"}
{"level":"info","ts":1568288858.4563003,"logger":"fallback-logger","caller":"bash/main.go:65","msg":"Successfully executed command \"mkdir -p /workspace/source\""}

Showing logs for build [32mcb-kubecd-environment-pr-5284-1-n67kq-1[0m stage [32mmeta-pipeline[0m and container [32mstep-place-tools[0m

Showing logs for build [32mcb-kubecd-environment-pr-5284-1-n67kq-1[0m stage [32mmeta-pipeline[0m and container [32mstep-git-source-meta-cb-kubecd-environment-pr-5-pz7nh[0m
{"level":"warn","ts":1568288864.566937,"logger":"fallback-logger","caller":"logging/config.go:69","msg":"Fetch GitHub commit ID from kodata failed: \"ref: refs/heads/master\" is not a valid GitHub commit ID"}
{"level":"info","ts":1568288865.6248605,"logger":"fallback-logger","caller":"git/git.go:102","msg":"Successfully cloned https://github.com/cb-kubecd/environment-pr-5284-129-tekton-gkebdd-staging.git @ da41ee4fac76a102529a65d7b71b48e802fa62c8 in path /workspace/source"}

Showing logs for build [32mcb-kubecd-environment-pr-5284-1-n67kq-1[0m stage [32mmeta-pipeline[0m and container [32mstep-git-merge[0m
Using SHAs from PULL_REFS=master:da41ee4fac76a102529a65d7b71b48e802fa62c8,2:62c7db13e7180d8bbb80ad87a55c3166ebcc6d6b
DEBUG: ran git fetch --unshallow origin 62c7db13e7180d8bbb80ad87a55c3166ebcc6d6b: da41ee4fac76a102529a65d7b71b48e802fa62c8: in 
DEBUG: ran git checkout master in 
DEBUG: ran git reset --hard da41ee4fac76a102529a65d7b71b48e802fa62c8 in 
DEBUG: ran clean --force -d . in 
DEBUG: ran git merge 62c7db13e7180d8bbb80ad87a55c3166ebcc6d6b in 
Merged SHA 62c7db13e7180d8bbb80ad87a55c3166ebcc6d6b with commit message 'chore: Promote bdd-gh-1568288704 to version 0.0.1' into base branch master

Showing logs for build [32mcb-kubecd-environment-pr-5284-1-n67kq-1[0m stage [32mmeta-pipeline[0m and container [32mstep-merge-pull-refs[0m
DEBUG: ran git fetch origin 62c7db13e7180d8bbb80ad87a55c3166ebcc6d6b: da41ee4fac76a102529a65d7b71b48e802fa62c8: in 
DEBUG: Unshallowed git repo in 
DEBUG: ran git checkout master in 
DEBUG: ran git reset --hard da41ee4fac76a102529a65d7b71b48e802fa62c8 in 
DEBUG: ran clean --force -d . in 
DEBUG: ran git merge 62c7db13e7180d8bbb80ad87a55c3166ebcc6d6b in 
Merged SHA 62c7db13e7180d8bbb80ad87a55c3166ebcc6d6b with commit message 'chore: Promote bdd-gh-1568288704 to version 0.0.1' into base branch master

Showing logs for build [32mcb-kubecd-environment-pr-5284-1-n67kq-1[0m stage [32mmeta-pipeline[0m and container [32mstep-create-effective-pipeline[0m
Deleting and cloning the Jenkins X versions repo
Cloning the Jenkins X versions repo https://github.com/jenkins-x/jenkins-x-versions.git with ref refs/heads/master to /builder/home/.**/jenkins-x-versions
selected pack: /builder/home/.**/draft/packs/github.com/jenkins-x-buildpacks/jenkins-x-kubernetes/packs/environment
Effective pipeline written to jenkins-x-promotion-build-effective.yml

Showing logs for build [32mcb-kubecd-environment-pr-5284-1-n67kq-1[0m stage [32mmeta-pipeline[0m and container [32mstep-create-tekton-crds[0m
PipelineActivity for cb-kubecd-environment-pr-5284-129-tekton-gkebdd-staging-PR-2-1
Applying changes 
upserted PipelineResource cb-kubecd-environment-pr-5284-1 for the git repository https://github.com/cb-kubecd/environment-pr-5284-129-tekton-gkebdd-staging.git
upserted Task cb-kubecd-environment-pr-5284-1-n67kq-from-build-pack-1
upserted Pipeline cb-kubecd-environment-pr-5284-1-n67kq-1
created PipelineRun cb-kubecd-environment-pr-5284-1-n67kq-1
created PipelineStructure cb-kubecd-environment-pr-5284-1-n67kq-1

Showing logs for build [32mcb-kubecd-environment-pr-5284-1-n67kq-1[0m stage [32mfrom-build-pack[0m and container [32mstep-credential-initializer-rjrqf[0m
{"level":"warn","ts":1568288878.863917,"logger":"fallback-logger","caller":"logging/config.go:69","msg":"Fetch GitHub commit ID from kodata failed: \"ref: refs/heads/master\" is not a valid GitHub commit ID"}
{"level":"info","ts":1568288878.86853,"logger":"fallback-logger","caller":"creds-init/main.go:40","msg":"Credentials initialized."}

Showing logs for build [32mcb-kubecd-environment-pr-5284-1-n67kq-1[0m stage [32mfrom-build-pack[0m and container [32mstep-working-dir-initializer-p298k[0m
{"level":"warn","ts":1568288879.8213887,"logger":"fallback-logger","caller":"logging/config.go:69","msg":"Fetch GitHub commit ID from kodata failed: open /var/run/ko/HEAD: no such file or directory"}
{"level":"info","ts":1568288879.8232596,"logger":"fallback-logger","caller":"bash/main.go:65","msg":"Successfully executed command \"mkdir -p /workspace/source /workspace/source/env\""}

Showing logs for build [32mcb-kubecd-environment-pr-5284-1-n67kq-1[0m stage [32mfrom-build-pack[0m and container [32mstep-place-tools[0m

Showing logs for build [32mcb-kubecd-environment-pr-5284-1-n67kq-1[0m stage [32mfrom-build-pack[0m and container [32mstep-git-source-cb-kubecd-environment-pr-5284-1-qdbmd[0m
{"level":"warn","ts":1568288944.0260434,"logger":"fallback-logger","caller":"logging/config.go:69","msg":"Fetch GitHub commit ID from kodata failed: \"ref: refs/heads/master\" is not a valid GitHub commit ID"}
{"level":"info","ts":1568288945.1125307,"logger":"fallback-logger","caller":"git/git.go:102","msg":"Successfully cloned https://github.com/cb-kubecd/environment-pr-5284-129-tekton-gkebdd-staging.git @ master in path /workspace/source"}

Showing logs for build [32mcb-kubecd-environment-pr-5284-1-n67kq-1[0m stage [32mfrom-build-pack[0m and container [32mstep-git-merge[0m
Using SHAs from PULL_REFS=master:da41ee4fac76a102529a65d7b71b48e802fa62c8,2:62c7db13e7180d8bbb80ad87a55c3166ebcc6d6b
DEBUG: ran git fetch origin 62c7db13e7180d8bbb80ad87a55c3166ebcc6d6b: da41ee4fac76a102529a65d7b71b48e802fa62c8: in 
DEBUG: Unshallowed git repo in 
DEBUG: ran git checkout master in 
DEBUG: ran git reset --hard da41ee4fac76a102529a65d7b71b48e802fa62c8 in 
DEBUG: ran clean --force -d . in 
DEBUG: ran git merge 62c7db13e7180d8bbb80ad87a55c3166ebcc6d6b in 
Merged SHA 62c7db13e7180d8bbb80ad87a55c3166ebcc6d6b with commit message 'chore: Promote bdd-gh-1568288704 to version 0.0.1' into base branch master

Showing logs for build [32mcb-kubecd-environment-pr-5284-1-n67kq-1[0m stage [32mfrom-build-pack[0m and container [32mstep-build-helm-build[0m
WARNING: No $CHART_REPOSITORY defined so using the default value of: http://jenkins-x-chartmuseum:8080
Adding missing Helm repo: storage.googleapis.com https://storage.googleapis.com/chartmuseum.jenkins-x.io
Successfully added Helm repository storage.googleapis.com.
Adding missing Helm repo: jenkins-x-chartmuseum http://jenkins-x-chartmuseum:8080
Successfully added Helm repository jenkins-x-chartmuseum.
WARNING: No $CHART_REPOSITORY defined so using the default value of: http://jenkins-x-chartmuseum:8080
Adding missing Helm repo: chartmuseum.jenkins-x.io http://chartmuseum.jenkins-x.io
Successfully added Helm repository chartmuseum.jenkins-x.io.
