
Showing logs for build [32mcb-kubecd-environment-pr-5284-1-6lpbz-1[0m stage [32mmeta-pipeline[0m and container [32mstep-credential-initializer-ss9xz[0m
{"level":"warn","ts":1568289312.2390146,"logger":"fallback-logger","caller":"logging/config.go:69","msg":"Fetch GitHub commit ID from kodata failed: \"ref: refs/heads/master\" is not a valid GitHub commit ID"}
{"level":"info","ts":1568289312.2407537,"logger":"fallback-logger","caller":"creds-init/main.go:40","msg":"Credentials initialized."}

Showing logs for build [32mcb-kubecd-environment-pr-5284-1-6lpbz-1[0m stage [32mmeta-pipeline[0m and container [32mstep-working-dir-initializer-tjncc[0m
{"level":"warn","ts":1568289313.3506203,"logger":"fallback-logger","caller":"logging/config.go:69","msg":"Fetch GitHub commit ID from kodata failed: open /var/run/ko/HEAD: no such file or directory"}
{"level":"info","ts":1568289313.3522635,"logger":"fallback-logger","caller":"bash/main.go:65","msg":"Successfully executed command \"mkdir -p /workspace/source\""}

Showing logs for build [32mcb-kubecd-environment-pr-5284-1-6lpbz-1[0m stage [32mmeta-pipeline[0m and container [32mstep-place-tools[0m

Showing logs for build [32mcb-kubecd-environment-pr-5284-1-6lpbz-1[0m stage [32mmeta-pipeline[0m and container [32mstep-git-source-meta-cb-kubecd-environment-pr-5-fvkx7[0m
{"level":"warn","ts":1568289318.3819706,"logger":"fallback-logger","caller":"logging/config.go:69","msg":"Fetch GitHub commit ID from kodata failed: \"ref: refs/heads/master\" is not a valid GitHub commit ID"}
{"level":"info","ts":1568289319.4347768,"logger":"fallback-logger","caller":"git/git.go:102","msg":"Successfully cloned https://github.com/cb-kubecd/environment-pr-5284-129-tekton-gkebdd-staging.git @ 45735ff8fc6277b17aed87efe7a93b5752f637ac in path /workspace/source"}

Showing logs for build [32mcb-kubecd-environment-pr-5284-1-6lpbz-1[0m stage [32mmeta-pipeline[0m and container [32mstep-git-merge[0m
Using SHAs from PULL_REFS=master:45735ff8fc6277b17aed87efe7a93b5752f637ac,3:7a2fdf92476a28ff69ba9e4efc1be806f55640b0
DEBUG: ran git fetch --unshallow origin 7a2fdf92476a28ff69ba9e4efc1be806f55640b0: 45735ff8fc6277b17aed87efe7a93b5752f637ac: in 
DEBUG: ran git checkout master in 
DEBUG: ran git reset --hard 45735ff8fc6277b17aed87efe7a93b5752f637ac in 
DEBUG: ran clean --force -d . in 
DEBUG: ran git merge 7a2fdf92476a28ff69ba9e4efc1be806f55640b0 in 
Merged SHA 7a2fdf92476a28ff69ba9e4efc1be806f55640b0 with commit message 'chore: Promote bdd-ghf**y-import-1568289188 to version 0.0.1' into base branch master

Showing logs for build [32mcb-kubecd-environment-pr-5284-1-6lpbz-1[0m stage [32mmeta-pipeline[0m and container [32mstep-merge-pull-refs[0m
DEBUG: ran git fetch origin 7a2fdf92476a28ff69ba9e4efc1be806f55640b0: 45735ff8fc6277b17aed87efe7a93b5752f637ac: in 
DEBUG: Unshallowed git repo in 
DEBUG: ran git checkout master in 
DEBUG: ran git reset --hard 45735ff8fc6277b17aed87efe7a93b5752f637ac in 
DEBUG: ran clean --force -d . in 
DEBUG: ran git merge 7a2fdf92476a28ff69ba9e4efc1be806f55640b0 in 
Merged SHA 7a2fdf92476a28ff69ba9e4efc1be806f55640b0 with commit message 'chore: Promote bdd-ghf**y-import-1568289188 to version 0.0.1' into base branch master

Showing logs for build [32mcb-kubecd-environment-pr-5284-1-6lpbz-1[0m stage [32mmeta-pipeline[0m and container [32mstep-create-effective-pipeline[0m
Deleting and cloning the Jenkins X versions repo
Cloning the Jenkins X versions repo https://github.com/jenkins-x/jenkins-x-versions.git with ref refs/heads/master to /builder/home/.**/jenkins-x-versions
selected pack: /builder/home/.**/draft/packs/github.com/jenkins-x-buildpacks/jenkins-x-kubernetes/packs/environment
Effective pipeline written to jenkins-x-promotion-build-effective.yml

Showing logs for build [32mcb-kubecd-environment-pr-5284-1-6lpbz-1[0m stage [32mmeta-pipeline[0m and container [32mstep-create-tekton-crds[0m
PipelineActivity for cb-kubecd-environment-pr-5284-129-tekton-gkebdd-staging-PR-3-1
Applying changes 
upserted PipelineResource cb-kubecd-environment-pr-5284-1 for the git repository https://github.com/cb-kubecd/environment-pr-5284-129-tekton-gkebdd-staging.git
upserted Task cb-kubecd-environment-pr-5284-1-6lpbz-from-build-pack-1
upserted Pipeline cb-kubecd-environment-pr-5284-1-6lpbz-1
created PipelineRun cb-kubecd-environment-pr-5284-1-6lpbz-1
created PipelineStructure cb-kubecd-environment-pr-5284-1-6lpbz-1

Showing logs for build [32mcb-kubecd-environment-pr-5284-1-6lpbz-1[0m stage [32mfrom-build-pack[0m and container [32mstep-credential-initializer-tt7fl[0m
{"level":"warn","ts":1568289332.9529436,"logger":"fallback-logger","caller":"logging/config.go:69","msg":"Fetch GitHub commit ID from kodata failed: \"ref: refs/heads/master\" is not a valid GitHub commit ID"}
{"level":"info","ts":1568289332.953503,"logger":"fallback-logger","caller":"creds-init/main.go:40","msg":"Credentials initialized."}

Showing logs for build [32mcb-kubecd-environment-pr-5284-1-6lpbz-1[0m stage [32mfrom-build-pack[0m and container [32mstep-working-dir-initializer-lk9p6[0m
{"level":"warn","ts":1568289333.3671663,"logger":"fallback-logger","caller":"logging/config.go:69","msg":"Fetch GitHub commit ID from kodata failed: open /var/run/ko/HEAD: no such file or directory"}
{"level":"info","ts":1568289333.3691401,"logger":"fallback-logger","caller":"bash/main.go:65","msg":"Successfully executed command \"mkdir -p /workspace/source /workspace/source/env\""}

Showing logs for build [32mcb-kubecd-environment-pr-5284-1-6lpbz-1[0m stage [32mfrom-build-pack[0m and container [32mstep-place-tools[0m

Showing logs for build [32mcb-kubecd-environment-pr-5284-1-6lpbz-1[0m stage [32mfrom-build-pack[0m and container [32mstep-git-source-cb-kubecd-environment-pr-5284-1-pd6lr[0m
{"level":"warn","ts":1568289338.465863,"logger":"fallback-logger","caller":"logging/config.go:69","msg":"Fetch GitHub commit ID from kodata failed: \"ref: refs/heads/master\" is not a valid GitHub commit ID"}
{"level":"info","ts":1568289339.5824857,"logger":"fallback-logger","caller":"git/git.go:102","msg":"Successfully cloned https://github.com/cb-kubecd/environment-pr-5284-129-tekton-gkebdd-staging.git @ master in path /workspace/source"}

Showing logs for build [32mcb-kubecd-environment-pr-5284-1-6lpbz-1[0m stage [32mfrom-build-pack[0m and container [32mstep-git-merge[0m
Using SHAs from PULL_REFS=master:45735ff8fc6277b17aed87efe7a93b5752f637ac,3:7a2fdf92476a28ff69ba9e4efc1be806f55640b0
DEBUG: ran git fetch --unshallow origin 7a2fdf92476a28ff69ba9e4efc1be806f55640b0: 45735ff8fc6277b17aed87efe7a93b5752f637ac: in 
DEBUG: ran git checkout master in 
DEBUG: ran git reset --hard 45735ff8fc6277b17aed87efe7a93b5752f637ac in 
DEBUG: ran clean --force -d . in 
DEBUG: ran git merge 7a2fdf92476a28ff69ba9e4efc1be806f55640b0 in 
Merged SHA 7a2fdf92476a28ff69ba9e4efc1be806f55640b0 with commit message 'chore: Promote bdd-ghf**y-import-1568289188 to version 0.0.1' into base branch master

Showing logs for build [32mcb-kubecd-environment-pr-5284-1-6lpbz-1[0m stage [32mfrom-build-pack[0m and container [32mstep-build-helm-build[0m
WARNING: No $CHART_REPOSITORY defined so using the default value of: http://jenkins-x-chartmuseum:8080
Adding missing Helm repo: storage.googleapis.com https://storage.googleapis.com/chartmuseum.jenkins-x.io
Successfully added Helm repository storage.googleapis.com.
Adding missing Helm repo: jenkins-x-chartmuseum http://jenkins-x-chartmuseum:8080
Successfully added Helm repository jenkins-x-chartmuseum.
WARNING: No $CHART_REPOSITORY defined so using the default value of: http://jenkins-x-chartmuseum:8080
Adding missing Helm repo: chartmuseum.jenkins-x.io http://chartmuseum.jenkins-x.io
Successfully added Helm repository chartmuseum.jenkins-x.io.
